         w __deregister_frame_info
         w __register_frame_info
         w userAppExit
         w userAppInit
00000000 00000802 B __ctru_dev_utf16_buf
00000000 A __sync_synchronize
00000000 b _TLS_MODULE_BASE_
00000000 a shift
00000000 a shift
00000804 00000401 B __ctru_dev_path_buf
00100000 A __start__
00100000 T _start
00100008 T __service_ptr
0010000c T __apt_appid
00100010 T __heap_size
00100014 T __linear_heap_size
00100018 T __system_arglist
0010001c T __system_runflags
00100020 t startup
00100058 t ClearMem
0010006c t ClrLoop
00100094 T _init
001000ac T __aeabi_idiv
001000ac 00000220 T __divsi3
001000b4 t .divsi3_skip_div0_test
001002cc 00000020 T __aeabi_idivmod
001002ec 00000004 W __aeabi_idiv0
001002ec 00000004 W __aeabi_ldiv0
001002f0 T __aeabi_uldivmod
00100348 00000390 T strcmp
001006d0 t .udivsi3_skip_div0_test
001006d0 T __aeabi_uidiv
001006d0 000001ec T __udivsi3
001008bc 00000020 T __aeabi_uidivmod
001008dc t __do_global_dtors_aux
0010092c t frame_dummy
00100958 00000098 T dibujarPantalla
001009f0 000000d4 T textoAMorse
00100ac4 00000104 T morseATexto
00100bc8 00000120 T main
00100ce8 00000018 T consoleSelect
00100d00 000001c8 T consoleDrawChar
00100ec8 00000170 T consolePrintChar
00101038 00000cc8 T con_write
00101d00 000000fc t newRow
00101dfc 00000180 T consoleInit
00101f7c 000000b8 T consoleClear
00102034 000000cc t gfxPresentFramebuffer
00102100 0000001c T gfxIsWide
0010211c 000000f8 T gfxSetScreenFormat
00102214 00000010 T gfxSetDoubleBuffering
00102224 000000d8 T gfxInit
001022fc 00000010 T gfxInitDefault
0010230c 000000b8 T gfxExit
001023c4 000000a0 T gfxGetFramebuffer
00102464 00000100 T gfxFlushBuffers
00102564 00000050 T gfxSwapBuffersGpu
001025b4 00000180 t aptConvertScreenForCapture
00102734 00000008 W aptDspSleep
0010273c 00000004 W aptDspWakeup
00102740 00000004 W aptDspCancel
00102744 00000138 T aptSendCommand
00102880 00000044 t aptExitProcess
001028c4 00000394 T aptExit
00102c58 000000d8 T aptHandleSleep
00102d30 0000001c T aptSetMessageCallback
00102d4c 00000084 T APT_SleepIfShellClosed
00102dd0 00000078 T aptSetSleepAllowed
00102e48 00000084 T APT_UnlockTransition
00102ed0 00000470 t aptEventHandler
00103340 000000bc T APT_ReceiveParameter
001033fc 000000b0 t aptReceiveParameter.constprop.0
001034b0 00000294 t aptScreenTransfer
00103744 000002d0 t aptWaitForWakeUp.isra.0
00103a14 00000114 T aptLaunchLibraryApplet
00103b28 000000f4 T aptJumpToHomeMenu
00103c1c 00000058 T aptMainLoop
00103c74 00000240 T aptInit
00103eb4 0000005c T APT_SendParameter
00103f10 00000090 T APT_CheckNew3DS
00103fa0 00000c70 t gspHardwareInit
00104c10 00000288 T gspInit
00104e98 00000104 T gspExit
00104f9c 00000010 T gspHasGpuRight
00104fac 000000a4 T gspPresentBuffer
00105050 00000050 T gspWaitForEvent
001050a0 00000004 W gxCmdQueueInterrupt
001050a4 00000154 t gspEventThreadMain
001051f8 00000050 T GSPGPU_FlushDataCache
00105248 00000034 T GSPGPU_SetLcdForceBlack
0010527c 00000084 T GSPGPU_AcquireRight
00105300 00000064 T GSPGPU_ReleaseRight
00105364 0000007c T GSPGPU_ImportDisplayCaptureInfo
001053e0 0000002c T GSPGPU_SaveVramSysArea
0010540c 0000002c T GSPGPU_RestoreVramSysArea
00105438 00000024 W hidShouldUseIrrst
0010545c 000001cc T hidInit
00105628 000000e8 T hidExit
00105710 000002a0 T hidScanInput
001059b0 00000010 T hidKeysDown
001059c0 000001a4 T irrstInit
00105b64 000000dc T irrstExit
00105c40 000000b4 T irrstScanInput
00105cf4 00000024 T irrstKeysHeld
00105d18 00000190 t swkbdMessageCallback
00105ea8 00000084 T swkbdInit
00105f2c 00000064 T swkbdSetHintText
00105f90 000003a8 T swkbdInputText
00106338 000000e8 T utf16_to_utf8
00106420 000000c0 T utf8_to_utf16
001064e0 00000038 W __libctru_init
00106518 0000016c W __system_initArgv
00106684 00000030 T __syscall_getreent
001066b4 00000004 T __syscall_lock_acquire
001066b8 00000004 T __syscall_lock_release
001066bc 00000004 T __syscall_lock_acquire_recursive
001066c0 00000004 T __syscall_lock_release_recursive
001066c4 00000004 T __syscall_exit
001066c8 00000054 T initThreadVars
0010671c 00000080 T __system_initSyscalls
0010679c T svcControlMemory
001067bc T svcQueryMemory
001067ec T svcExitProcess
001067f4 T svcCreateThread
00106814 T svcExitThread
0010681c T svcSleepThread
00106824 T svcReleaseMutex
0010682c T svcCreateEvent
00106840 T svcSignalEvent
00106848 T svcClearEvent
00106850 T svcCreateMemoryBlock
00106868 T svcMapMemoryBlock
00106870 T svcUnmapMemoryBlock
00106878 T svcCreateAddressArbiter
0010688c T svcArbitrateAddressNoTimeout
00106894 T svcCloseHandle
0010689c T svcWaitSynchronization
001068a4 T svcWaitSynchronizationN
001068cc T svcDuplicateHandle
001068e0 T svcConnectToPort
001068f4 T svcSendSyncRequest
001068fc T svcGetResourceLimit
00106910 T svcGetResourceLimitLimitValues
00106918 T svcGetResourceLimitCurrentValues
00106920 T svcBreak
00106928 W initSystem
00106978 W __ctru_exit
0010698c 00000024 t addrMapNodeComparator(rbtree_node const*, rbtree_node const*)
001069b0 00000004 t addrMapNodeDestructor(rbtree_node*)
001069b4 0000012c T linearMemAlign
00106ae0 00000008 T linearAlloc
00106ae8 0000005c T linearFree
00106b44 00000088 T MemPool::CoalesceRight(MemBlock*)
00106bcc 00000178 T MemPool::Allocate(MemChunk&, unsigned long, int)
00106d44 00000118 T MemPool::Deallocate(MemChunk const&)
00106e5c 00000030 T MemPool::GetFreeSpace()
00106e8c 00000024 t addrMapNodeComparator(rbtree_node const*, rbtree_node const*)
00106eb0 00000004 t addrMapNodeDestructor(rbtree_node*)
00106eb4 00000248 T vramMemAlignAt
001070fc 0000000c T vramAlloc
00107108 00000094 T vramFree
0010719c 0000008c W envGetHandle
00107228 00000050 W envDestroyHandles
00107278 00000034 T __ctru_speedup_config
001072ac 00000164 T srvInit
00107410 00000064 T srvExit
00107474 00000060 T srvEnableNotification
001074d4 000000a0 T srvGetServiceHandleDirect
00107574 00000048 T srvGetServiceHandle
001075bc 00000034 T srvSubscribe
001075f0 00000060 T srvReceiveNotification
00107650 00000038 T srvPublishToSubscriber
00107688 0000000c T __sync_init
00107694 00000018 T __sync_fini
001076ac 00000028 T syncArbitrateAddress
001076d4 000000ac T LightLock_Lock
00107780 00000040 T LightLock_Unlock
001077c0 00000054 T RecursiveLock_Lock
00107814 00000054 T RecursiveLock_Unlock
00107868 00000044 T LightEvent_Init
001078ac 000000b8 T LightEvent_Clear
00107964 000000dc T LightEvent_Signal
00107a40 00000050 T LightEvent_TryWait
00107a90 000000ac T LightEvent_Wait
00107b3c 000001fc T threadCreate
00107d38 00000038 T threadFree
00107d70 00000024 T threadJoin
00107d94 00000030 T threadGetCurrent
00107dc4 00000040 T threadExit
00107e04 00000020 t _thread_begin
00107e24 00000090 t mappableFindAddressWithin
00107eb4 00000028 T mappableInit
00107edc 0000007c T mappableAlloc
00107f58 00000004 T mappableFree
00107f5c 00000078 T ptmSysmInit
00107fd4 0000003c T ptmSysmExit
00108010 00000034 T PTMSYSM_ConfigureNew3DSCPU
00108044 0000000c T srvPmGetSessionHandle
00108050 00000074 T rbtree_find
001080c4 00000010 T rbtree_init
001080d4 00000198 t do_insert
0010826c 00000008 T rbtree_insert
00108274 00000310 T rbtree_remove
00108584 00000090 T rbtree_rotate
00108614 00000054 T decode_utf16
00108668 00000140 T decode_utf8
001087a8 00000054 T encode_utf16
001087fc 000000e0 T encode_utf8
001088e0 000001e8 W __system_allocateHeaps
00108ac8 00000030 W __appExit
00108af8 00000030 W __appInit
00108b28 00000090 W __libctru_exit
00108bb8 00000024 t error_cmp
00108bdc 00000050 t archive_translate_error
00108c2c 000000c0 t archive_seek
00108cec 00000078 t _archiveInit.part.0
00108d64 00000110 t archiveFindDevice.part.0
00108e74 00000298 t archive_utf16path
0010910c 00000098 t _archiveUnmountDeviceStruct.part.0
001091a4 00000178 t _archiveMountDevice
0010931c 000000f8 t archive_diropen
00109414 000000ac t archive_fstat
001094c0 00000074 t archive_fsync
00109534 00000074 t archive_close
001095a8 00000078 t archive_dirclose
00109620 000000ec t sdmc_statvfs
0010970c 000000f8 t archive_chdir
00109804 0000008c t archive_ftruncate
00109890 000000bc t archive_read
0010994c 000000a8 t archive_unlink
001099f4 000000c0 t archive_rmdir
00109ab4 000000d8 t archive_mkdir
00109b8c 000001a0 t archive_stat
00109d2c 00000164 t archive_dirnext
00109e90 0000013c t archive_write
00109fd0 00000254 t archive_open
0010a224 00000270 t archive_rename
0010a494 000001c8 T archiveMountSdmc
0010a65c 00000054 T archiveUnmountAll
0010a6b0 00000104 T fsInit
0010a7b4 0000003c T fsExit
0010a7f0 00000068 T fsExemptFromSession
0010a858 00000050 T fsUnexemptFromSession
0010a8a8 000000cc T FSUSER_OpenFile
0010a974 000000b8 T FSUSER_DeleteFile
0010aa2c 000000f4 T FSUSER_RenameFile
0010ab20 000000b8 T FSUSER_DeleteDirectory
0010abd8 000000d0 T FSUSER_CreateFile
0010aca8 000000c0 T FSUSER_CreateDirectory
0010ad68 000000f4 T FSUSER_RenameDirectory
0010ae5c 000000b4 T FSUSER_OpenDirectory
0010af10 00000090 T FSUSER_OpenArchive
0010afa0 0000008c T FSUSER_CloseArchive
0010b02c 00000074 T FSUSER_GetSdmcArchiveResource
0010b0a0 00000064 T FSUSER_IsSdmcWritable
0010b104 00000064 T FSFILE_Read
0010b168 0000006c T FSFILE_Write
0010b1d4 00000044 T FSFILE_GetSize
0010b218 00000028 T FSFILE_SetSize
0010b240 0000003c T FSFILE_Close
0010b27c 00000024 T FSFILE_Flush
0010b2a0 00000060 T FSDIR_Read
0010b300 0000003c T FSDIR_Close
0010b33c 00000060 T rbtree_node_next
0010b39c T __aeabi_read_tp
0010b3a8 00000130 T __udivmoddi4
0010b4d8 000000e4 T strncat
0010b5bc 000000bc T strcat
0010b678 00000128 T memcpy
0010b7a0 0000008c T strlen
0010b82c 00000078 T bsearch
0010b8a4 00000028 T memalign
0010b8cc 00000034 T printf
0010b900 000001ec t _strtoul_l.isra.0
0010baec 0000003c T strtoul
0010bb28 0000016c T _memalign_r
0010bc94 0000000c T __errno
0010bca0 000000f0 T strcpy
0010bd90 000000e4 T memset
0010be74 0000022c T __sflush_r
0010c0a0 000000c4 T _fflush_r
0010c164 0000082c T _malloc_r
0010c990 00000114 T _malloc_trim_r
0010caa4 00000314 T _free_r
0010cdb8 00000294 T setvbuf
0010d04c 0000001c t stdio_exit_handler
0010d068 0000005c t cleanup_stdio
0010d0c4 00000154 t global_stdio_init.part.0
0010d218 0000005c T __sinit
0010d274 0000000c T __sfp_lock_acquire
0010d280 0000000c T __sfp_lock_release
0010d28c 00000084 T __libc_init_array
0010d310 000000d4 T strncpy
0010d3e4 00000040 T malloc
0010d424 00000020 T free
0010d444 000000e0 T _puts_r
0010d524 00000020 T puts
0010d544 00000070 T stpcpy
0010d5b4 00000044 T __sread
0010d5f8 00000068 T __swrite
0010d660 00000040 T __sseek
0010d6a0 00000008 T __sclose
0010d6a8 0000000c T __malloc_lock
0010d6b4 0000000c T __malloc_unlock
0010d6c0 00000148 T _fclose_r
0010d808 00000004 W __call_exitprocs
0010d80c 00000030 T exit
0010d83c 00000030 T strtok
0010d86c 0000003c T __libc_fini_array
0010d8a8 0000003c T strnlen
0010d8e4 000000d8 T strncmp
0010d9bc 000000bc T __strtok_r
0010da78 00000070 T _fwalk_sglue
0010dae8 000005e0 t get_arg
0010e0c8 00003554 T _vfprintf_r
0011161c 000000b4 t __sbprintf
001116d0 000000a0 T _wcrtomb_r
00111770 000004a4 T __sfvwrite_r
00111c14 00000164 T __smakebuf_r
00111d78 00000090 T __swhatbuf_r
00111e08 00000024 T __locale_mb_cur_max
00111e2c 00000030 T __sprint_r
00111e5c 000001c0 t quorem
00112020 00001420 T _dtoa_r
00113440 000000e8 T memchr
00113528 00000028 T _wcsrtombs_r
00113550 00000140 T __swsetup_r
00113690 00000024 T _localeconv_r
001136b4 000001a8 T memmove
0011385c 000004f0 T _realloc_r
00113d4c 000000f8 T __utf8_wctomb
00113e44 0000015c T _wcsnrtombs_l
00113fa0 00000064 T _wcsnrtombs_r
00114008 00000088 T frexp
00114090 0000005c T __assert_func
001140ec 00000088 T _Balloc
00114174 0000001c T _Bfree
00114190 000000f4 T __multadd
00114284 00000080 T __hi0bits
00114304 000000f0 T __lo0bits
001143f4 000000a4 T __i2b
00114498 00000230 T __multiply
001146c8 00000130 T __pow5mult
001147f8 00000138 T __lshift
00114930 00000058 T __mcmp
00114988 00000218 T __mdiff
00114ba0 00000120 T __d2b
00114cc0 00000340 T __utf8_mbtowc
00115000 0000003c T fiprintf
0011503c 00000140 T strchr
0011517c 00000014 T abort
00115190 000000d8 T _calloc_r
00115268 000005e0 t get_arg
00115848 000022f8 T _vfiprintf_r
00117b40 000000b4 t __sbprintf
00117bf4 0000009c T _raise_r
00117c90 00000020 T raise
00117cb0 00000020 T _exit
00117cd0 00000140 T chdir
00117e10 000001c8 T _concatenate_path
00117fd8 0000009c T _fstat_r
00118074 00000014 T _getpid_r
00118088 0000002c T __getreent
001180b4 00000058 T __get_handle
0011810c 00000110 T _close_r
0011821c 00000008 t null_write
00118224 00000018 T setDefaultDevice
0011823c 00000098 T FindDevice
001182d4 00000024 T RemoveDevice
001182f8 00000088 T AddDevice
00118380 00000020 T GetDeviceOpTab
001183a0 00000008 T _isatty_r
001183a8 00000014 T _kill_r
001183bc 00000094 T _lseek_r
00118450 00000094 T _read_r
001184e4 00000078 W _sbrk_r
0011855c 0000001c T __libc_lock_acquire
00118578 0000001c T __libc_lock_release
00118594 0000001c T __libc_lock_acquire_recursive
001185b0 0000001c T __libc_lock_release_recursive
001185cc 00000094 T _write_r
00118660 00000048 T strrchr
001186a8 T _fini
001192b8 r .LC2
0011963c 00000080 r dotab_stdout
001196bc 00000018 r grayScale
001196d4 00000006 r colorCube
001196dc 00000030 r colorTable
00119728 00000008 r morton_y.2
00119730 00000008 r morton_x.3
00119738 00000008 r s_sleepWakeEvents.4
00119740 0000000c r serviceNameTable.5
0011974c R default_font_bin
00119f4c R default_font_bin_end
00119f4c 00000030 r error_table
00119f7c 00000080 r archive_devoptab
00119ffc 00000101 R _ctype_
0011a224 00000010 r zeroes.0
0011a234 00000010 r blanks.1
0011a244 0000006c R __action_table
0011a2b0 0000006c R __state_table
0011a31c 00000100 R __chclass
0011a424 0000000c r p05.0
0011a430 00000028 R __mprec_bigtens
0011a458 000000c8 R __mprec_tens
0011a60c 00000010 r zeroes.0
0011a61c 00000010 r blanks.1
0011a62c 00000080 R dotab_stdnull
0011a6ac R __tdata_align
0011a6b0 r __EH_FRAME_BEGIN__
0011a6b0 R __exidx_end
0011a6b0 R __exidx_start
0011b000 00000001 D modoTextoAMorse
0011b040 00000120 D tabla
0011b160 00000001 d firstConsoleInit.0
0011b164 00000004 D currentConsole
0011b168 00000048 D defaultConsole
0011b1b0 00000004 d aptChainloadDeliverArgSize
0011b1b4 00000004 d kCount
0011b1b8 00000004 d kInterval
0011b1bc 00000004 d kDelay
0011b1c0 W __stacksize__
0011b1c4 00000004 D _impure_ptr
0011b1c8 00000200 D _impure_data
0011b3c8 00000004 D __malloc_sbrk_base
0011b3cc 00000004 D __malloc_trim_threshold
0011b3d0 00000408 D __malloc_av_
0011b7d8 0000000c D __sglue
0011b7e4 00000254 D __global_locale
0011ba38 00000400 d _current_working_directory
0011be38 00001000 d handles
0011ce38 0000000c d __stderr_handle
0011ce44 0000000c d __stdout_handle
0011ce50 0000000c d __stdin_handle
0011ce5c 0000008c D devoptab_list
0011cee8 00000004 d defaultDevice
0011cef4 d _GLOBAL_OFFSET_TABLE_
0011cf00 d __frame_dummy_init_array_entry
0011cf00 D __init_array_start
0011cf00 B __preinit_array_end
0011cf00 B __preinit_array_start
0011cf00 D __tdata_lma
0011cf00 D __tdata_lma_end
0011cf04 d __do_global_dtors_aux_fini_array_entry
0011cf04 D __fini_array_start
0011cf04 D __init_array_end
0011cf08 D __bss_start__
0011cf08 D __fini_array_end
0011cf08 00000048 B topScreen
0011cf50 00000100 B entrada
0011d050 00000400 B salida
0011d450 00000100 b texto.0
0011d550 b completed.1
0011d554 b object.0
0011d56c 00000064 b escapeSeq
0011d5d0 00000048 B currentCopy
0011d618 00000004 b screenAlloc
0011d61c 00000004 b screenFree
0011d620 00000002 b gfxIsDoubleBuf
0011d624 00000002 b gfxCurBuf
0011d626 00000001 b gfxIsVram
0011d627 00000001 b gfxTopMode
0011d628 00000002 b gfxFramebufferFormats
0011d62c 00000004 b gfxBottomFramebufferMaxSize
0011d630 00000004 b gfxTopFramebufferMaxSize
0011d638 00000008 b gfxBottomFramebuffers
0011d640 00000008 b gfxTopFramebuffers
0011d648 00000001 b flagValue.0
0011d649 00000001 b flagInit.1
0011d64c 00000004 b serviceName.6
0011d650 00000001 b aptChainloadFlags
0011d651 00000001 b aptChainloadMediatype
0011d654 00000020 b aptChainloadHmac
0011d674 00000300 b aptChainloadDeliverArg
0011d978 00000008 b aptChainloadTid
0011d980 00001000 b aptParameters
0011e980 00000004 b aptFlags
0011e984 00000001 b aptHomeButtonState
0011e988 00000004 b aptMessageFuncData
0011e98c 00000004 b aptMessageFunc
0011e990 0000000c b aptFirstHook
0011e99c 00000001 b aptEventHandlerThreadQuit
0011e9a0 00000004 b aptEventHandlerThread
0011e9a4 00000008 b aptSleepEvent
0011e9ac 00000008 b aptReceiveEvent
0011e9b4 00000008 b aptEvents
0011e9bc 00000004 b aptLockHandle
0011e9c0 00000004 b aptRefCount
0011e9c4 00000007 b gspEventCbOneShot
0011e9cc 0000001c b gspEventCbData
0011e9e8 0000001c b gspEventCb
0011ea04 00000038 b gspEvents
0011ea3c 00000004 b gspLastEvent
0011ea40 00000001 b gspRunEvents
0011ea44 00000004 b gspEventThread
0011ea48 00000004 b gspEvent
0011ea4c 00000001 b gspGpuRight
0011ea4d 00000001 b gspThreadId
0011ea50 00000004 b gspSharedMem
0011ea54 00000004 b gspSharedMemHandle
0011ea58 00000004 b gspRefCount
0011ea5c 00000004 b gspGpuHandle
0011ea60 00000001 b usingIrrst
0011ea64 00000004 b hidRefCount
0011ea68 00000006 b gRate
0011ea70 00000006 b aVec
0011ea78 00000004 b cPos
0011ea7c 00000004 b tPos
0011ea80 00000004 b kRepeat
0011ea84 00000004 b kUp
0011ea88 00000004 b kDown
0011ea8c 00000004 b kHeld
0011ea90 00000004 b kOld
0011ea94 00000004 B hidSharedMem
0011ea98 00000014 B hidEvents
0011eaac 00000004 B hidMemHandle
0011eab0 00000004 B hidHandle
0011eab4 00000004 b irrstRefCount
0011eab8 00000004 b csPos
0011eabc 00000004 b kHeld
0011eac0 00000004 B irrstSharedMem
0011eac4 00000004 B irrstEvent
0011eac8 00000004 B irrstMemHandle
0011eacc 00000004 B irrstHandle
0011ead0 00000004 b swkbdSharedMemHandle
0011ead4 00000004 b swkbdSharedMem
0011ead8 00000004 B __system_retAddr
0011eadc 00000004 B __system_argv
0011eae0 00000004 B __system_argc
0011eae4 b saved_stack
0011eaf0 00000008 b sLinearPool
0011eaf8 0000000c b sAddrMap
0011eb08 00000008 b sVramPoolB
0011eb10 00000008 b sVramPoolA
0011eb18 0000000c b sAddrMap
0011eb24 00000004 B __3dslink_host
0011eb28 00000001 V __ctru_speedup
0011eb2c 00000004 b srvRefCount
0011eb30 00000004 b srvHandle
0011eb34 00000004 b arbiter
0011eb38 00000004 b currentAddr
0011eb3c 00000004 b maxAddr
0011eb40 00000004 b minAddr
0011eb44 00000004 b ptmSysmRefCount
0011eb48 00000004 b ptmSysmHandle
0011eb4c 00000004 b srvPmHandle
0011eb50 00000004 V __ctru_linear_heap_size
0011eb54 00000004 V __ctru_heap_size
0011eb58 00000004 B __ctru_linear_heap
0011eb5c 00000004 B __ctru_heap
0011eb60 000005c0 b archive_devices
0011f120 00000004 b archive_device_cwd
0011f124 00000001 b archive_initialized
0011f128 00000080 b fsExemptArchives
0011f1a8 00000004 b fsuRefCount
0011f1ac 00000004 b fsuHandle
0011f1b0 00000028 B __malloc_current_mallinfo
0011f1d8 00000004 B __malloc_max_total_mem
0011f1dc 00000004 B __malloc_max_sbrked_mem
0011f1e0 00000004 B __malloc_top_pad
0011f1e4 0000000c b __sfp_recursive_mutex
0011f1f0 00000168 B __sf
0011f358 00000004 B __stdio_exit_handler
0011f35c 0000000c b __malloc_recursive_mutex
0011f368 00000400 b temp_cwd
0011f768 00000004 b __hndl_lock
0011f76c 00000004 B fake_heap_start
0011f770 00000004 B fake_heap_end
0011f774 00000004 b heap_start.0
0011f778 B __tls_start
00120380 B __bss_end__
00120380 A __end__
00120380 B __tls_end
